<?xml version="1.0" encoding="UTF-8"?>
<!-- Generated by org.testng.reporters.JUnitXMLReporter -->
<testsuite ignored="4" hostname="DESKTOP-EVK9GMC" failures="1" tests="3" name="Test" time="69.276" errors="0" timestamp="17 Feb 2021 09:48:30 GMT">
  <testcase classname="com.testscripts.UpdateProffile" name="updateProfile" time="14.449"/>
  <testcase classname="com.testscripts.AddtoCart" name="addingcourseTocart" time="8.565"/>
  <testcase classname="com.testscripts.TakeingCourse" name="takecourse" time="17.159">
    <failure type="java.lang.AssertionError" message="expected [true] but found [false]">
      <![CDATA[java.lang.AssertionError: expected [true] but found [false]
at com.testscripts.TakeingCourse.takecourse(TakeingCourse.java:25)
... Removed 29 stack frames]]>
    </failure>
  </testcase> <!-- takecourse -->
  <testcase classname="com.Skillrary.genericlib.Baseclass" name="@AfterSuite configAS" time="0.0">
    <ignored/>
  </testcase> <!-- @AfterSuite configAS -->
  <testcase classname="com.Skillrary.genericlib.Baseclass" name="@AfterSuite configAS" time="0.0">
    <ignored/>
  </testcase> <!-- @AfterSuite configAS -->
  <testcase classname="com.Skillrary.genericlib.Baseclass" name="@BeforeSuite configBS" time="0.0">
    <ignored/>
  </testcase> <!-- @BeforeSuite configBS -->
  <testcase classname="com.Skillrary.genericlib.Baseclass" name="@BeforeSuite configBS" time="0.0">
    <ignored/>
  </testcase> <!-- @BeforeSuite configBS -->
</testsuite> <!-- Test -->
